d:\cpp\posix\posix_std\posix_std\debug\posix_std.pch
d:\cpp\posix\posix_std\posix_std\debug\vc120.pdb
d:\cpp\posix\posix_std\posix_std\debug\vc120.idb
d:\cpp\posix\posix_std\posix_std\debug\stdafx.obj
d:\cpp\posix\posix_std\posix_std\debug\json_reader.obj
d:\cpp\posix\posix_std\posix_std\debug\json_value.obj
d:\cpp\posix\posix_std\posix_std\debug\json_writer.obj
d:\cpp\posix\posix_std\posix_std\debug\posix_mysql.obj
d:\cpp\posix\posix_std\posix_std\debug\posix_std.obj
d:\cpp\posix\posix_std\posix_std\debug\printlog.obj
d:\cpp\posix\posix_std\posix_std\debug\rrconfig.obj
d:\cpp\posix\posix_std\debug\posix_std.ilk
d:\cpp\posix\posix_std\debug\posix_std.exe
d:\cpp\posix\posix_std\debug\posix_std.pdb
d:\cpp\posix\posix_std\posix_std\debug\posix_std.tlog\cl.command.1.tlog
d:\cpp\posix\posix_std\posix_std\debug\posix_std.tlog\cl.read.1.tlog
d:\cpp\posix\posix_std\posix_std\debug\posix_std.tlog\cl.write.1.tlog
d:\cpp\posix\posix_std\posix_std\debug\posix_std.tlog\link.command.1.tlog
d:\cpp\posix\posix_std\posix_std\debug\posix_std.tlog\link.read.1.tlog
d:\cpp\posix\posix_std\posix_std\debug\posix_std.tlog\link.write.1.tlog
